[15:48:29] [main/INFO]: Using mbed TLS based native cipher.
[15:48:29] [main/INFO]: Using zlib based native compressor.
[15:48:29] [main/INFO]: Enabled Waterfall version git:Waterfall-Bootstrap:1.19-R0.1-SNAPSHOT:f6069e2:513
[15:48:29] [main/INFO]: Not on Windows, attempting to use enhanced EpollEventLoop
[15:48:29] [main/INFO]: Epoll is working, utilising it!
[15:48:29] [main/INFO]: Discovered module: ModuleSpec(name=cmd_alert, file=modules/cmd_alert.jar, provider=JenkinsModuleSource())
[15:48:29] [main/INFO]: Discovered module: ModuleSpec(name=cmd_find, file=modules/cmd_find.jar, provider=JenkinsModuleSource())
[15:48:29] [main/INFO]: Discovered module: ModuleSpec(name=cmd_list, file=modules/cmd_list.jar, provider=JenkinsModuleSource())
[15:48:29] [main/INFO]: Discovered module: ModuleSpec(name=cmd_send, file=modules/cmd_send.jar, provider=JenkinsModuleSource())
[15:48:29] [main/INFO]: Discovered module: ModuleSpec(name=cmd_server, file=modules/cmd_server.jar, provider=JenkinsModuleSource())
[15:48:29] [main/INFO]: Discovered module: ModuleSpec(name=reconnect_yaml, file=modules/reconnect_yaml.jar, provider=JenkinsModuleSource())
[15:48:29] [main/INFO]: Loaded plugin reconnect_yaml version git:reconnect_yaml:1.19-R0.1-SNAPSHOT:f6069e2:513 by WaterfallMC
[15:48:29] [main/INFO]: Loaded plugin cmd_find version git:cmd_find:1.19-R0.1-SNAPSHOT:f6069e2:513 by WaterfallMC
[15:48:29] [main/INFO]: Loaded plugin cmd_server version git:cmd_server:1.19-R0.1-SNAPSHOT:f6069e2:513 by WaterfallMC
[15:48:29] [main/INFO]: Loaded plugin cmd_alert version git:cmd_alert:1.19-R0.1-SNAPSHOT:f6069e2:513 by WaterfallMC
[15:48:29] [main/INFO]: Loaded plugin cmd_send version git:cmd_send:1.19-R0.1-SNAPSHOT:f6069e2:513 by WaterfallMC
[15:48:29] [main/INFO]: Loaded plugin cmd_list version git:cmd_list:1.19-R0.1-SNAPSHOT:f6069e2:513 by WaterfallMC
[15:48:29] [main/WARN]: :>:>:>:>:>:>:>:>:>:>:>:>:>:>:>:>:>:>:>:>:>:>:>
[15:48:29] [main/WARN]: :>  
[15:48:29] [main/WARN]: :>      EAGLERCRAFTXBUNGEE WARNING:
[15:48:29] [main/WARN]: :>  
[15:48:29] [main/WARN]: :>  This plugin wasn't tested to be 'working'
[15:48:29] [main/WARN]: :>  with ANY version of BungeeCord (and forks)
[15:48:29] [main/WARN]: :>  apart from the versions listed below:
[15:48:29] [main/WARN]: :>  
[15:48:29] [main/WARN]: :>  - BungeeCord: 1.20-R0.2-SNAPSHOT:231024b:1777
[15:48:29] [main/WARN]: :>  - Waterfall: 1.20-R0.2-SNAPSHOT:d85fe36:556
[15:48:29] [main/WARN]: :>  - FlameCord: 1.1.1
[15:48:29] [main/WARN]: :>  
[15:48:29] [main/WARN]: :>  This is not a Bukkit/Spigot plugin!
[15:48:29] [main/WARN]: :>  
[15:48:29] [main/WARN]: :>  Use "-Deaglerxbungee.stfu=true" to hide
[15:48:29] [main/WARN]: :>  
[15:48:29] [main/WARN]: :>:>:>:>:>:>:>:>:>:>:>:>:>:>:>:>:>:>:>:>:>:>:>
[15:48:29] [main/INFO] [EaglercraftXBungee]: Loading vanilla profile: lax1dude
[15:48:30] [Skin Download Thread #1/INFO] [EaglercraftXBungee]: Loaded vanilla profile: lax1dude
[15:48:30] [main/INFO]: Loaded plugin EaglercraftXBungee version 1.0.9 by lax1dude
[15:48:31] [main/WARN]: Forced host server pvp is not defined
[15:48:31] [main/INFO]: Enabled plugin reconnect_yaml version git:reconnect_yaml:1.19-R0.1-SNAPSHOT:f6069e2:513 by WaterfallMC
[15:48:31] [main/INFO]: Enabled plugin cmd_find version git:cmd_find:1.19-R0.1-SNAPSHOT:f6069e2:513 by WaterfallMC
[15:48:31] [main/INFO]: Enabled plugin cmd_server version git:cmd_server:1.19-R0.1-SNAPSHOT:f6069e2:513 by WaterfallMC
[15:48:31] [main/INFO]: Enabled plugin cmd_alert version git:cmd_alert:1.19-R0.1-SNAPSHOT:f6069e2:513 by WaterfallMC
[15:48:31] [main/INFO]: Enabled plugin cmd_send version git:cmd_send:1.19-R0.1-SNAPSHOT:f6069e2:513 by WaterfallMC
[15:48:31] [main/INFO]: Enabled plugin cmd_list version git:cmd_list:1.19-R0.1-SNAPSHOT:f6069e2:513 by WaterfallMC
[15:48:31] [main/ERROR] [EaglercraftXBungee]: Online mode is set to false! Authentication system has been disabled
[15:48:31] [Netty Worker IO Thread #0/INFO] [EaglercraftXBungee]: Eaglercraft is listening on: /0.0.0.0:8081
[15:48:31] [main/INFO] [EaglercraftXBungee]: Connected to database: jdbc:sqlite:eaglercraft_skins_cache.db
[15:48:31] [main/INFO]: Enabled plugin EaglercraftXBungee version 1.0.9 by lax1dude
[15:48:31] [Netty Boss IO Thread #0/INFO]: Listening on /127.0.0.1:25577
[15:48:38] [Netty Worker IO Thread #1/INFO] [EaglercraftXBungee]: [/[0:0:0:0:0:0:0:1%0]:57706]: Connected via websocket
[15:48:38] [Netty Worker IO Thread #1/INFO] [EaglercraftXBungee]: [/[0:0:0:0:0:0:0:1%0]:57706]: Origin header is https://webclientadvanced.eagler-empire.com
[15:48:38] [Netty Worker IO Thread #1/INFO] [EaglercraftXBungee]: [/[0:0:0:0:0:0:0:1%0]:57706]: Logged in as 'ngabraelyn'
[15:48:38] [Netty Worker IO Thread #1/INFO]: [/[0:0:0:0:0:0:0:1%0]:57706|ngabraelyn] -> UpstreamBridge has connected
[15:48:38] [Netty Worker IO Thread #1/INFO]: [ngabraelyn|/[0:0:0:0:0:0:0:1%0]:57706] <-> ServerConnector [lobby] has connected
[15:48:56] [Netty Worker IO Thread #3/INFO] [EaglercraftXBungee]: [/[0:0:0:0:0:0:0:1%0]:54580]: Connected via websocket
[15:48:56] [Netty Worker IO Thread #3/INFO] [EaglercraftXBungee]: [/[0:0:0:0:0:0:0:1%0]:54580]: Origin header is null
[15:48:56] [Netty Worker IO Thread #3/INFO] [EaglercraftXBungee]: [/[0:0:0:0:0:0:0:1%0]:54580]: Logged in as 'chilly_willy364'
[15:48:56] [Netty Worker IO Thread #3/INFO]: [/[0:0:0:0:0:0:0:1%0]:54580|chilly_willy364] -> UpstreamBridge has connected
[15:48:56] [Netty Worker IO Thread #3/INFO]: [chilly_willy364|/[0:0:0:0:0:0:0:1%0]:54580] <-> ServerConnector [lobby] has connected
[15:49:19] [Netty Worker IO Thread #0/INFO] [EaglercraftXBungee]: [/[0:0:0:0:0:0:0:1%0]:53790]: Connected via websocket
[15:49:19] [Netty Worker IO Thread #0/INFO] [EaglercraftXBungee]: [/[0:0:0:0:0:0:0:1%0]:53790]: Origin header is http://localhost:8081
[15:49:19] [Netty Worker IO Thread #0/INFO] [EaglercraftXBungee]: [/[0:0:0:0:0:0:0:1%0]:53790]: Logged in as 'Vagina'
[15:49:19] [Netty Worker IO Thread #0/INFO]: [/[0:0:0:0:0:0:0:1%0]:53790|Vagina] -> UpstreamBridge has connected
[15:49:19] [Netty Worker IO Thread #0/INFO]: [Vagina|/[0:0:0:0:0:0:0:1%0]:53790] <-> ServerConnector [lobby] has connected
[15:49:46] [Netty Worker IO Thread #0/WARN] [EaglercraftXBungee]: Server icon is not a file: /workspaces/braelen-s-server/bungee/server-icon.png
[15:51:52] [Netty Worker IO Thread #0/INFO] [EaglercraftXBungee]: [/[0:0:0:0:0:0:0:1%0]:43816]: Connected via websocket
[15:51:52] [Netty Worker IO Thread #0/INFO] [EaglercraftXBungee]: [/[0:0:0:0:0:0:0:1%0]:43816]: Origin header is http://localhost:8081
[15:51:52] [Netty Worker IO Thread #0/INFO] [EaglercraftXBungee]: [/[0:0:0:0:0:0:0:1%0]:43816]: Logged in as 'SULLIVAN_H'
[15:51:52] [Netty Worker IO Thread #0/INFO]: [/[0:0:0:0:0:0:0:1%0]:43816|SULLIVAN_H] -> UpstreamBridge has connected
[15:51:52] [Netty Worker IO Thread #0/INFO]: [SULLIVAN_H|/[0:0:0:0:0:0:0:1%0]:43816] <-> ServerConnector [lobby] has connected
[15:52:16] [Netty Worker IO Thread #0/INFO]: [/[0:0:0:0:0:0:0:1%0]:43816|SULLIVAN_H] -> UpstreamBridge has disconnected
[15:52:16] [Netty Worker IO Thread #0/INFO]: [SULLIVAN_H] disconnected with: Proxy lost connection to server.
[15:52:16] [Netty Worker IO Thread #0/INFO]: [/[0:0:0:0:0:0:0:1%0]:43816|SULLIVAN_H] <-> DownstreamBridge <-> [lobby] has disconnected
[15:53:10] [Netty Worker IO Thread #1/INFO] [EaglercraftXBungee]: [/[0:0:0:0:0:0:0:1%0]:55114]: Connected via websocket
[15:53:10] [Netty Worker IO Thread #1/INFO] [EaglercraftXBungee]: [/[0:0:0:0:0:0:0:1%0]:55114]: Origin header is http://localhost:8081
[15:53:10] [Netty Worker IO Thread #1/INFO] [EaglercraftXBungee]: [/[0:0:0:0:0:0:0:1%0]:55114]: Logged in as 'massive_dik'
[15:53:10] [Netty Worker IO Thread #1/INFO]: [/[0:0:0:0:0:0:0:1%0]:55114|massive_dik] -> UpstreamBridge has connected
[15:53:10] [Netty Worker IO Thread #1/INFO]: [massive_dik|/[0:0:0:0:0:0:0:1%0]:55114] <-> ServerConnector [lobby] has connected
[15:55:04] [Netty Worker IO Thread #1/INFO] [EaglercraftXBungee]: [/[0:0:0:0:0:0:0:1%0]:56208]: Connected via websocket
[15:55:04] [Netty Worker IO Thread #1/INFO] [EaglercraftXBungee]: [/[0:0:0:0:0:0:0:1%0]:56208]: Origin header is http://localhost:8081
[15:55:04] [Netty Worker IO Thread #1/INFO] [EaglercraftXBungee]: [/[0:0:0:0:0:0:0:1%0]:56208]: Logged in as 'crip69'
[15:55:04] [Netty Worker IO Thread #1/INFO]: [/[0:0:0:0:0:0:0:1%0]:56208|crip69] -> UpstreamBridge has connected
[15:55:04] [Netty Worker IO Thread #1/INFO]: [crip69|/[0:0:0:0:0:0:0:1%0]:56208] <-> ServerConnector [lobby] has connected
[15:55:04] [Netty Worker IO Thread #0/INFO]: [/[0:0:0:0:0:0:0:1%0]:53790|Vagina] -> UpstreamBridge has disconnected
[15:55:04] [Netty Worker IO Thread #0/INFO]: [Vagina] disconnected with: Proxy lost connection to server.
[15:55:04] [Netty Worker IO Thread #0/INFO]: [/[0:0:0:0:0:0:0:1%0]:53790|Vagina] <-> DownstreamBridge <-> [lobby] has disconnected
[15:55:25] [Netty Worker IO Thread #1/INFO]: [/[0:0:0:0:0:0:0:1%0]:57706|ngabraelyn] -> UpstreamBridge has disconnected
[15:55:25] [Netty Worker IO Thread #1/INFO]: [ngabraelyn] disconnected with: Proxy lost connection to server.
[15:55:25] [Netty Worker IO Thread #1/INFO]: [/[0:0:0:0:0:0:0:1%0]:57706|ngabraelyn] <-> DownstreamBridge <-> [lobby] has disconnected
[15:55:27] [Netty Worker IO Thread #3/INFO]: [/[0:0:0:0:0:0:0:1%0]:54580|chilly_willy364] -> UpstreamBridge has disconnected
[15:55:27] [Netty Worker IO Thread #3/INFO]: [chilly_willy364] disconnected with: Proxy lost connection to server.
[15:55:27] [Netty Worker IO Thread #3/INFO]: [/[0:0:0:0:0:0:0:1%0]:54580|chilly_willy364] <-> DownstreamBridge <-> [lobby] has disconnected
[15:55:29] [Netty Worker IO Thread #1/INFO]: [/[0:0:0:0:0:0:0:1%0]:55114|massive_dik] -> UpstreamBridge has disconnected
[15:55:29] [Netty Worker IO Thread #1/INFO]: [massive_dik] disconnected with: Proxy lost connection to server.
[15:55:29] [Netty Worker IO Thread #1/INFO]: [/[0:0:0:0:0:0:0:1%0]:55114|massive_dik] <-> DownstreamBridge <-> [lobby] has disconnected
[15:55:31] [Netty Worker IO Thread #1/INFO]: [/[0:0:0:0:0:0:0:1%0]:56208|crip69] -> UpstreamBridge has disconnected
[15:55:31] [Netty Worker IO Thread #1/INFO]: [crip69] disconnected with: Proxy lost connection to server.
[15:55:31] [Netty Worker IO Thread #1/INFO]: [/[0:0:0:0:0:0:0:1%0]:56208|crip69] <-> DownstreamBridge <-> [lobby] has disconnected
[15:58:10] [Netty Worker IO Thread #0/INFO] [EaglercraftXBungee]: [/[0:0:0:0:0:0:0:1%0]:37600]: Connected via websocket
[15:58:10] [Netty Worker IO Thread #0/INFO] [EaglercraftXBungee]: [/[0:0:0:0:0:0:0:1%0]:37600]: Origin header is http://localhost:8081
[15:58:10] [Netty Worker IO Thread #0/INFO] [EaglercraftXBungee]: [/[0:0:0:0:0:0:0:1%0]:37600]: Logged in as 'kuhhkahhdf_j_k_j'
[15:58:10] [Netty Worker IO Thread #0/INFO]: [/[0:0:0:0:0:0:0:1%0]:37600|kuhhkahhdf_j_k_j] -> UpstreamBridge has connected
[15:58:10] [Netty Worker IO Thread #0/INFO]: [kuhhkahhdf_j_k_j|/[0:0:0:0:0:0:0:1%0]:37600] <-> ServerConnector [lobby] has connected
[15:59:27] [Netty Worker IO Thread #1/INFO] [EaglercraftXBungee]: [/[0:0:0:0:0:0:0:1%0]:47796]: Connected via websocket
[15:59:27] [Netty Worker IO Thread #1/INFO] [EaglercraftXBungee]: [/[0:0:0:0:0:0:0:1%0]:47796]: Origin header is http://localhost:8081
[15:59:27] [Netty Worker IO Thread #1/INFO] [EaglercraftXBungee]: [/[0:0:0:0:0:0:0:1%0]:47796]: Logged in as 'crip69'
[15:59:27] [Netty Worker IO Thread #1/INFO]: [/[0:0:0:0:0:0:0:1%0]:47796|crip69] -> UpstreamBridge has connected
[15:59:27] [Netty Worker IO Thread #1/INFO]: [crip69|/[0:0:0:0:0:0:0:1%0]:47796] <-> ServerConnector [lobby] has connected
[15:59:50] [Netty Worker IO Thread #1/INFO]: [/[0:0:0:0:0:0:0:1%0]:47796|crip69] -> UpstreamBridge has disconnected
[15:59:50] [Netty Worker IO Thread #1/INFO]: [crip69] disconnected with: Proxy lost connection to server.
[15:59:50] [Netty Worker IO Thread #1/INFO]: [/[0:0:0:0:0:0:0:1%0]:47796|crip69] <-> DownstreamBridge <-> [lobby] has disconnected
[16:02:16] [Netty Worker IO Thread #1/INFO] [EaglercraftXBungee]: [/[0:0:0:0:0:0:0:1%0]:44478]: Connected via websocket
[16:02:16] [Netty Worker IO Thread #1/INFO] [EaglercraftXBungee]: [/[0:0:0:0:0:0:0:1%0]:44478]: Origin header is http://localhost:8081
[16:02:16] [Netty Worker IO Thread #1/INFO] [EaglercraftXBungee]: [/[0:0:0:0:0:0:0:1%0]:44478]: Logged in as 'WENIS123'
[16:02:16] [Netty Worker IO Thread #1/INFO]: [/[0:0:0:0:0:0:0:1%0]:44478|WENIS123] -> UpstreamBridge has connected
[16:02:16] [Netty Worker IO Thread #1/INFO]: [WENIS123|/[0:0:0:0:0:0:0:1%0]:44478] <-> ServerConnector [lobby] has connected
[16:03:59] [Netty Worker IO Thread #1/INFO]: [/[0:0:0:0:0:0:0:1%0]:44478|WENIS123] -> UpstreamBridge has disconnected
[16:03:59] [Netty Worker IO Thread #1/INFO]: [WENIS123] disconnected with: Proxy lost connection to server.
[16:03:59] [Netty Worker IO Thread #1/INFO]: [/[0:0:0:0:0:0:0:1%0]:44478|WENIS123] <-> DownstreamBridge <-> [lobby] has disconnected
[16:04:01] [Netty Worker IO Thread #2/INFO] [EaglercraftXBungee]: [/[0:0:0:0:0:0:0:1%0]:40302]: Connected via websocket
[16:04:01] [Netty Worker IO Thread #2/INFO] [EaglercraftXBungee]: [/[0:0:0:0:0:0:0:1%0]:40302]: Origin header is http://localhost:8081
[16:04:01] [Netty Worker IO Thread #2/INFO] [EaglercraftXBungee]: [/[0:0:0:0:0:0:0:1%0]:40302]: Logged in as 'DeevYee707'
[16:04:01] [Netty Worker IO Thread #2/INFO]: [/[0:0:0:0:0:0:0:1%0]:40302|DeevYee707] -> UpstreamBridge has connected
[16:04:01] [Netty Worker IO Thread #2/INFO]: [DeevYee707|/[0:0:0:0:0:0:0:1%0]:40302] <-> ServerConnector [lobby] has connected
[16:15:48] [Netty Worker IO Thread #1/INFO] [EaglercraftXBungee]: [/[0:0:0:0:0:0:0:1%0]:57638]: Connected via websocket
[16:15:48] [Netty Worker IO Thread #1/INFO] [EaglercraftXBungee]: [/[0:0:0:0:0:0:0:1%0]:57638]: Origin header is http://localhost:8081
[16:15:49] [Netty Worker IO Thread #1/INFO] [EaglercraftXBungee]: [/[0:0:0:0:0:0:0:1%0]:57638]: Logged in as 'YeerYee212'
[16:15:49] [Netty Worker IO Thread #1/INFO]: [/[0:0:0:0:0:0:0:1%0]:57638|YeerYee212] -> UpstreamBridge has connected
[16:15:49] [Netty Worker IO Thread #1/INFO]: [YeerYee212|/[0:0:0:0:0:0:0:1%0]:57638] <-> ServerConnector [lobby] has connected
[16:16:24] [Netty Worker IO Thread #1/INFO] [EaglercraftXBungee]: [/[0:0:0:0:0:0:0:1%0]:40304]: Connected via websocket
[16:16:24] [Netty Worker IO Thread #1/INFO] [EaglercraftXBungee]: [/[0:0:0:0:0:0:0:1%0]:40304]: Origin header is http://localhost:8081
[16:16:24] [Netty Worker IO Thread #1/INFO] [EaglercraftXBungee]: [/[0:0:0:0:0:0:0:1%0]:40304]: Logged in as 'EaglerDeev681'
[16:16:24] [Netty Worker IO Thread #1/INFO]: [/[0:0:0:0:0:0:0:1%0]:40304|EaglerDeev681] -> UpstreamBridge has connected
[16:16:24] [Netty Worker IO Thread #1/INFO]: [EaglerDeev681|/[0:0:0:0:0:0:0:1%0]:40304] <-> ServerConnector [lobby] has connected
[16:17:27] [Netty Worker IO Thread #1/INFO] [EaglercraftXBungee]: [/[0:0:0:0:0:0:0:1%0]:39092]: Connected via websocket
[16:17:28] [Netty Worker IO Thread #1/INFO] [EaglercraftXBungee]: [/[0:0:0:0:0:0:0:1%0]:39092]: Origin header is http://localhost:8081
[16:17:28] [Netty Worker IO Thread #1/INFO] [EaglercraftXBungee]: [/[0:0:0:0:0:0:0:1%0]:39092]: Logged in as 'YeeYeer921'
[16:17:28] [Netty Worker IO Thread #1/INFO]: [/[0:0:0:0:0:0:0:1%0]:39092|YeeYeer921] -> UpstreamBridge has connected
[16:17:28] [Netty Worker IO Thread #1/INFO]: [YeeYeer921|/[0:0:0:0:0:0:0:1%0]:39092] <-> ServerConnector [lobby] has connected
[16:17:31] [Netty Worker IO Thread #0/INFO]: [/[0:0:0:0:0:0:0:1%0]:37600|kuhhkahhdf_j_k_j] -> UpstreamBridge has disconnected
[16:17:31] [Netty Worker IO Thread #0/INFO]: [kuhhkahhdf_j_k_j] disconnected with: Proxy lost connection to server.
[16:17:31] [Netty Worker IO Thread #0/INFO]: [/[0:0:0:0:0:0:0:1%0]:37600|kuhhkahhdf_j_k_j] <-> DownstreamBridge <-> [lobby] has disconnected
[16:17:48] [Netty Worker IO Thread #1/INFO]: [/[0:0:0:0:0:0:0:1%0]:57638|YeerYee212] -> UpstreamBridge has disconnected
[16:17:48] [Netty Worker IO Thread #1/INFO]: [YeerYee212] disconnected with: Proxy lost connection to server.
[16:17:48] [Netty Worker IO Thread #1/INFO]: [/[0:0:0:0:0:0:0:1%0]:57638|YeerYee212] <-> DownstreamBridge <-> [lobby] has disconnected
[16:19:14] [Netty Worker IO Thread #0/INFO] [EaglercraftXBungee]: [/[0:0:0:0:0:0:0:1%0]:40718]: Connected via websocket
[16:19:14] [Netty Worker IO Thread #0/INFO] [EaglercraftXBungee]: [/[0:0:0:0:0:0:0:1%0]:40718]: Origin header is http://localhost:8081
[16:19:15] [Netty Worker IO Thread #0/INFO] [EaglercraftXBungee]: [/[0:0:0:0:0:0:0:1%0]:40718]: Logged in as 'YeerYee212'
[16:19:15] [Netty Worker IO Thread #0/INFO]: [/[0:0:0:0:0:0:0:1%0]:40718|YeerYee212] -> UpstreamBridge has connected
[16:19:15] [Netty Worker IO Thread #0/INFO]: [YeerYee212|/[0:0:0:0:0:0:0:1%0]:40718] <-> ServerConnector [lobby] has connected
[16:25:26] [Netty Worker IO Thread #2/INFO]: [/[0:0:0:0:0:0:0:1%0]:40302|DeevYee707] -> UpstreamBridge has disconnected
[16:25:26] [Netty Worker IO Thread #2/INFO]: [DeevYee707] disconnected with: Proxy lost connection to server.
[16:25:26] [Netty Worker IO Thread #2/INFO]: [/[0:0:0:0:0:0:0:1%0]:40302|DeevYee707] <-> DownstreamBridge <-> [lobby] has disconnected
